
  .   ____          _            __ _ _
 /\\ / ___'_ __ _ _(_)_ __  __ _ \ \ \ \
( ( )\___ | '_ | '_| | '_ \/ _` | \ \ \ \
 \\/  ___)| |_)| | | | | || (_| |  ) ) ) )
  '  |____| .__|_| |_|_| |_\__, | / / / /
 =========|_|==============|___/=/_/_/_/
 :: Spring Boot ::        (v2.1.2.RELEASE)

2021-11-16 10:40:04.366  INFO 3872 --- [           main] u.c.d.f.FileLoaderSpringApplication      : Starting FileLoaderSpringApplication v0.0.1-SNAPSHOT on DESKTOP-GO5P7TL with PID 3872 (C:\Users\markd\IdeaProjects\FileLoaderSpring\target\FileLoaderSpring-0.0.1-SNAPSHOT.jar started by DESKTOP-GO5P7TL$ in C:\Users\markd\IdeaProjects\FileLoaderSpring)
2021-11-16 10:40:04.372  INFO 3872 --- [           main] u.c.d.f.FileLoaderSpringApplication      : No active profile set, falling back to default profiles: default
2021-11-16 10:40:05.967  INFO 3872 --- [           main] .s.d.r.c.RepositoryConfigurationDelegate : Bootstrapping Spring Data repositories in DEFAULT mode.
2021-11-16 10:40:06.079  INFO 3872 --- [           main] .s.d.r.c.RepositoryConfigurationDelegate : Finished Spring Data repository scanning in 99ms. Found 1 repository interfaces.
2021-11-16 10:40:06.681  INFO 3872 --- [           main] trationDelegate$BeanPostProcessorChecker : Bean 'org.springframework.transaction.annotation.ProxyTransactionManagementConfiguration' of type [org.springframework.transaction.annotation.ProxyTransactionManagementConfiguration$$EnhancerBySpringCGLIB$$123644a6] is not eligible for getting processed by all BeanPostProcessors (for example: not eligible for auto-proxying)
2021-11-16 10:40:07.697  INFO 3872 --- [           main] o.s.b.w.embedded.tomcat.TomcatWebServer  : Tomcat initialized with port(s): 8080 (http)
2021-11-16 10:40:07.742  INFO 3872 --- [           main] o.apache.catalina.core.StandardService   : Starting service [Tomcat]
2021-11-16 10:40:07.742  INFO 3872 --- [           main] org.apache.catalina.core.StandardEngine  : Starting Servlet engine: [Apache Tomcat/9.0.14]
2021-11-16 10:40:07.759  INFO 3872 --- [           main] o.a.catalina.core.AprLifecycleListener   : The APR based Apache Tomcat Native library which allows optimal performance in production environments was not found on the java.library.path: [C:\Program Files\Eclipse Adoptium\jdk-11.0.13.8-hotspot\bin;C:\WINDOWS\Sun\Java\bin;C:\WINDOWS\system32;C:\WINDOWS;C:\Program Files\Eclipse Adoptium\jdk-11.0.13.8-hotspot\bin;C:\Python39\Scripts\;C:\Python39\;c:\Program Files (x86)\Common Files\Intel\Shared Libraries\redist\intel64_win\compiler;C:\Windows\system32;C:\Windows;C:\Windows\System32\Wbem;C:\Windows\System32\WindowsPowerShell\v1.0\;C:\Windows\System32\OpenSSH\;C:\Program Files (x86)\NVIDIA Corporation\PhysX\Common;C:\Program Files\NVIDIA Corporation\NVIDIA NvDLISR;C:\Program Files (x86)\Intel\Intel(R) Management Engine Components\DAL;C:\Program Files\Intel\Intel(R) Management Engine Components\DAL;C:\Program Files\Oracle\VirtualBox;C:\Program Files\Microsoft VS Code\bin;C:\WINDOWS\system32;C:\WINDOWS;C:\WINDOWS\System32\Wbem;C:\WINDOWS\System32\WindowsPowerShell\v1.0\;C:\WINDOWS\System32\OpenSSH\;C:\Program Files\PuTTY\;C:\Program Files\Git\cmd;C:\Program Files\dotnet\;C:\Program Files\nodejs\;C:\ProgramData\chocolatey\bin;C:\Program Files (x86)\dotnet\;;C:\Program Files\Docker\Docker\resources\bin;C:\ProgramData\DockerDesktop\version-bin;C:\WINDOWS\system32\config\systemprofile\AppData\Local\Microsoft\WindowsApps;.]
2021-11-16 10:40:07.880  INFO 3872 --- [           main] o.a.c.c.C.[Tomcat].[localhost].[/]       : Initializing Spring embedded WebApplicationContext
2021-11-16 10:40:07.880  INFO 3872 --- [           main] o.s.web.context.ContextLoader            : Root WebApplicationContext: initialization completed in 3408 ms
2021-11-16 10:40:08.079  INFO 3872 --- [           main] com.zaxxer.hikari.HikariDataSource       : HikariPool-1 - Starting...
2021-11-16 10:40:08.293  INFO 3872 --- [           main] com.zaxxer.hikari.HikariDataSource       : HikariPool-1 - Start completed.
2021-11-16 10:40:08.404  INFO 3872 --- [           main] o.hibernate.jpa.internal.util.LogHelper  : HHH000204: Processing PersistenceUnitInfo [
	name: default
	...]
2021-11-16 10:40:08.510  INFO 3872 --- [           main] org.hibernate.Version                    : HHH000412: Hibernate Core {5.3.7.Final}
2021-11-16 10:40:08.512  INFO 3872 --- [           main] org.hibernate.cfg.Environment            : HHH000206: hibernate.properties not found
2021-11-16 10:40:08.680  INFO 3872 --- [           main] o.hibernate.annotations.common.Version   : HCANN000001: Hibernate Commons Annotations {5.0.4.Final}
2021-11-16 10:40:09.234  INFO 3872 --- [           main] org.hibernate.dialect.Dialect            : HHH000400: Using dialect: org.hibernate.dialect.H2Dialect
2021-11-16 10:40:10.532  INFO 3872 --- [           main] o.h.t.schema.internal.SchemaCreatorImpl  : HHH000476: Executing import script 'org.hibernate.tool.schema.internal.exec.ScriptSourceInputNonExistentImpl@102efc59'
2021-11-16 10:40:10.537  INFO 3872 --- [           main] j.LocalContainerEntityManagerFactoryBean : Initialized JPA EntityManagerFactory for persistence unit 'default'
2021-11-16 10:40:11.338  WARN 3872 --- [           main] aWebConfiguration$JpaWebMvcConfiguration : spring.jpa.open-in-view is enabled by default. Therefore, database queries may be performed during view rendering. Explicitly configure spring.jpa.open-in-view to disable this warning
2021-11-16 10:40:11.579  INFO 3872 --- [           main] pertySourcedRequestMappingHandlerMapping : Mapped URL path [/v2/api-docs] onto method [public org.springframework.http.ResponseEntity<springfox.documentation.spring.web.json.Json> springfox.documentation.swagger2.web.Swagger2Controller.getDocumentation(java.lang.String,javax.servlet.http.HttpServletRequest)]
2021-11-16 10:40:11.815  INFO 3872 --- [           main] o.s.s.concurrent.ThreadPoolTaskExecutor  : Initializing ExecutorService 'applicationTaskExecutor'
2021-11-16 10:40:12.262  INFO 3872 --- [           main] d.s.w.p.DocumentationPluginsBootstrapper : Context refreshed
2021-11-16 10:40:12.303  INFO 3872 --- [           main] d.s.w.p.DocumentationPluginsBootstrapper : Found 1 custom documentation plugin(s)
2021-11-16 10:40:12.350  INFO 3872 --- [           main] s.d.s.w.s.ApiListingReferenceScanner     : Scanning for api listing references
2021-11-16 10:40:12.695 ERROR 3872 --- [           main] org.apache.catalina.util.LifecycleBase   : Failed to start component [Connector[HTTP/1.1-8080]]

org.apache.catalina.LifecycleException: Protocol handler start failed
	at org.apache.catalina.connector.Connector.startInternal(Connector.java:1004) ~[tomcat-embed-core-9.0.14.jar!/:9.0.14]
	at org.apache.catalina.util.LifecycleBase.start(LifecycleBase.java:183) ~[tomcat-embed-core-9.0.14.jar!/:9.0.14]
	at org.apache.catalina.core.StandardService.addConnector(StandardService.java:226) ~[tomcat-embed-core-9.0.14.jar!/:9.0.14]
	at org.springframework.boot.web.embedded.tomcat.TomcatWebServer.addPreviouslyRemovedConnectors(TomcatWebServer.java:259) ~[spring-boot-2.1.2.RELEASE.jar!/:2.1.2.RELEASE]
	at org.springframework.boot.web.embedded.tomcat.TomcatWebServer.start(TomcatWebServer.java:197) ~[spring-boot-2.1.2.RELEASE.jar!/:2.1.2.RELEASE]
	at org.springframework.boot.web.servlet.context.ServletWebServerApplicationContext.startWebServer(ServletWebServerApplicationContext.java:311) ~[spring-boot-2.1.2.RELEASE.jar!/:2.1.2.RELEASE]
	at org.springframework.boot.web.servlet.context.ServletWebServerApplicationContext.finishRefresh(ServletWebServerApplicationContext.java:164) ~[spring-boot-2.1.2.RELEASE.jar!/:2.1.2.RELEASE]
	at org.springframework.context.support.AbstractApplicationContext.refresh(AbstractApplicationContext.java:549) ~[spring-context-5.1.4.RELEASE.jar!/:5.1.4.RELEASE]
	at org.springframework.boot.web.servlet.context.ServletWebServerApplicationContext.refresh(ServletWebServerApplicationContext.java:142) ~[spring-boot-2.1.2.RELEASE.jar!/:2.1.2.RELEASE]
	at org.springframework.boot.SpringApplication.refresh(SpringApplication.java:775) ~[spring-boot-2.1.2.RELEASE.jar!/:2.1.2.RELEASE]
	at org.springframework.boot.SpringApplication.refreshContext(SpringApplication.java:397) ~[spring-boot-2.1.2.RELEASE.jar!/:2.1.2.RELEASE]
	at org.springframework.boot.SpringApplication.run(SpringApplication.java:316) ~[spring-boot-2.1.2.RELEASE.jar!/:2.1.2.RELEASE]
	at org.springframework.boot.SpringApplication.run(SpringApplication.java:1260) ~[spring-boot-2.1.2.RELEASE.jar!/:2.1.2.RELEASE]
	at org.springframework.boot.SpringApplication.run(SpringApplication.java:1248) ~[spring-boot-2.1.2.RELEASE.jar!/:2.1.2.RELEASE]
	at uk.co.dodtech.fileloaderspring.FileLoaderSpringApplication.main(FileLoaderSpringApplication.java:10) ~[classes!/:0.0.1-SNAPSHOT]
	at java.base/jdk.internal.reflect.NativeMethodAccessorImpl.invoke0(Native Method) ~[na:na]
	at java.base/jdk.internal.reflect.NativeMethodAccessorImpl.invoke(NativeMethodAccessorImpl.java:62) ~[na:na]
	at java.base/jdk.internal.reflect.DelegatingMethodAccessorImpl.invoke(DelegatingMethodAccessorImpl.java:43) ~[na:na]
	at java.base/java.lang.reflect.Method.invoke(Method.java:566) ~[na:na]
	at org.springframework.boot.loader.MainMethodRunner.run(MainMethodRunner.java:48) ~[FileLoaderSpring-0.0.1-SNAPSHOT.jar:0.0.1-SNAPSHOT]
	at org.springframework.boot.loader.Launcher.launch(Launcher.java:87) ~[FileLoaderSpring-0.0.1-SNAPSHOT.jar:0.0.1-SNAPSHOT]
	at org.springframework.boot.loader.Launcher.launch(Launcher.java:50) ~[FileLoaderSpring-0.0.1-SNAPSHOT.jar:0.0.1-SNAPSHOT]
	at org.springframework.boot.loader.JarLauncher.main(JarLauncher.java:51) ~[FileLoaderSpring-0.0.1-SNAPSHOT.jar:0.0.1-SNAPSHOT]
Caused by: java.net.BindException: Address already in use: bind
	at java.base/sun.nio.ch.Net.bind0(Native Method) ~[na:na]
	at java.base/sun.nio.ch.Net.bind(Net.java:455) ~[na:na]
	at java.base/sun.nio.ch.Net.bind(Net.java:447) ~[na:na]
	at java.base/sun.nio.ch.ServerSocketChannelImpl.bind(ServerSocketChannelImpl.java:227) ~[na:na]
	at java.base/sun.nio.ch.ServerSocketAdaptor.bind(ServerSocketAdaptor.java:80) ~[na:na]
	at org.apache.tomcat.util.net.NioEndpoint.initServerSocket(NioEndpoint.java:236) ~[tomcat-embed-core-9.0.14.jar!/:9.0.14]
	at org.apache.tomcat.util.net.NioEndpoint.bind(NioEndpoint.java:210) ~[tomcat-embed-core-9.0.14.jar!/:9.0.14]
	at org.apache.tomcat.util.net.AbstractEndpoint.bindWithCleanup(AbstractEndpoint.java:1085) ~[tomcat-embed-core-9.0.14.jar!/:9.0.14]
	at org.apache.tomcat.util.net.AbstractEndpoint.start(AbstractEndpoint.java:1171) ~[tomcat-embed-core-9.0.14.jar!/:9.0.14]
	at org.apache.coyote.AbstractProtocol.start(AbstractProtocol.java:568) ~[tomcat-embed-core-9.0.14.jar!/:9.0.14]
	at org.apache.catalina.connector.Connector.startInternal(Connector.java:1001) ~[tomcat-embed-core-9.0.14.jar!/:9.0.14]
	... 22 common frames omitted

2021-11-16 10:40:12.702  INFO 3872 --- [           main] o.apache.catalina.core.StandardService   : Stopping service [Tomcat]
2021-11-16 10:40:12.715  INFO 3872 --- [           main] ConditionEvaluationReportLoggingListener : 

Error starting ApplicationContext. To display the conditions report re-run your application with 'debug' enabled.
2021-11-16 10:40:12.719 ERROR 3872 --- [           main] o.s.b.d.LoggingFailureAnalysisReporter   : 

***************************
APPLICATION FAILED TO START
***************************

Description:

The Tomcat connector configured to listen on port 8080 failed to start. The port may already be in use or the connector may be misconfigured.

Action:

Verify the connector's configuration, identify and stop any process that's listening on port 8080, or configure this application to listen on another port.

2021-11-16 10:40:12.727  INFO 3872 --- [           main] o.s.s.concurrent.ThreadPoolTaskExecutor  : Shutting down ExecutorService 'applicationTaskExecutor'
2021-11-16 10:40:12.732  INFO 3872 --- [           main] j.LocalContainerEntityManagerFactoryBean : Closing JPA EntityManagerFactory for persistence unit 'default'
2021-11-16 10:40:12.732  INFO 3872 --- [           main] .SchemaDropperImpl$DelayedDropActionImpl : HHH000477: Starting delayed evictData of schema as part of SessionFactory shut-down'
2021-11-16 10:40:12.741  INFO 3872 --- [           main] com.zaxxer.hikari.HikariDataSource       : HikariPool-1 - Shutdown initiated...
2021-11-16 10:40:12.749  INFO 3872 --- [           main] com.zaxxer.hikari.HikariDataSource       : HikariPool-1 - Shutdown completed.
